[debug] [2025-02-28T15:43:08.030Z] ----------------------------------------------------------------------
[debug] [2025-02-28T15:43:08.033Z] Command:       C:\Program Files\nodejs\node.exe C:\Users\MSI\AppData\Roaming\npm\node_modules\firebase-tools\lib\bin\firebase.js init hosting
[debug] [2025-02-28T15:43:08.033Z] CLI Version:   13.32.0
[debug] [2025-02-28T15:43:08.033Z] Platform:      win32
[debug] [2025-02-28T15:43:08.033Z] Node Version:  v22.12.0
[debug] [2025-02-28T15:43:08.034Z] Time:          Fri Feb 28 2025 21:13:08 GMT+0530 (India Standard Time)
[debug] [2025-02-28T15:43:08.034Z] ----------------------------------------------------------------------
[debug] 
[debug] [2025-02-28T15:43:08.040Z] > command requires scopes: ["email","openid","https://www.googleapis.com/auth/cloudplatformprojects.readonly","https://www.googleapis.com/auth/firebase","https://www.googleapis.com/auth/cloud-platform"]
[debug] [2025-02-28T15:43:08.040Z] > authorizing via signed-in user (nimeshsandaruwan268@gmail.com)
[info] 
     ######## #### ########  ######## ########     ###     ######  ########
     ##        ##  ##     ## ##       ##     ##  ##   ##  ##       ##
     ######    ##  ########  ######   ########  #########  ######  ######
     ##        ##  ##    ##  ##       ##     ## ##     ##       ## ##
     ##       #### ##     ## ######## ########  ##     ##  ######  ########

You're about to initialize a Firebase project in this directory:

  D:\final_project Echo\Admin panel\echo_adin_panel_jjava_Script

[info] 
=== Project Setup
[info] 
[info] First, let's associate this project directory with a Firebase project.
[info] You can create multiple project aliases by running firebase use --add, 
[info] but for now we'll just set up a default project.
[info] 
[debug] [2025-02-28T15:44:27.393Z] Checked if tokens are valid: false, expires at: 1738755182495
[debug] [2025-02-28T15:44:27.394Z] Checked if tokens are valid: false, expires at: 1738755182495
[debug] [2025-02-28T15:44:27.394Z] > refreshing access token with scopes: []
[debug] [2025-02-28T15:44:27.399Z] >>> [apiv2][query] POST https://www.googleapis.com/oauth2/v3/token [none]
[debug] [2025-02-28T15:44:27.400Z] >>> [apiv2][body] POST https://www.googleapis.com/oauth2/v3/token [omitted]
[debug] [2025-02-28T15:44:27.990Z] <<< [apiv2][status] POST https://www.googleapis.com/oauth2/v3/token 200
[debug] [2025-02-28T15:44:27.990Z] <<< [apiv2][body] POST https://www.googleapis.com/oauth2/v3/token [omitted]
[debug] [2025-02-28T15:44:28.012Z] >>> [apiv2][query] GET https://firebase.googleapis.com/v1beta1/projects pageSize=100
[debug] [2025-02-28T15:44:29.054Z] <<< [apiv2][status] GET https://firebase.googleapis.com/v1beta1/projects 200
[debug] [2025-02-28T15:44:29.055Z] <<< [apiv2][body] GET https://firebase.googleapis.com/v1beta1/projects [omitted]
[info] i  Using project echo-review-system (Echo review system) 
[info] 
=== Hosting Setup
[debug] [2025-02-28T15:44:46.894Z] Checked if tokens are valid: true, expires at: 1740761066990
[debug] [2025-02-28T15:44:46.894Z] Checked if tokens are valid: true, expires at: 1740761066990
[debug] [2025-02-28T15:44:46.894Z] >>> [apiv2][query] GET https://firebase.googleapis.com/v1beta1/projects/echo-review-system [none]
[debug] [2025-02-28T15:44:47.535Z] <<< [apiv2][status] GET https://firebase.googleapis.com/v1beta1/projects/echo-review-system 200
[debug] [2025-02-28T15:44:47.535Z] <<< [apiv2][body] GET https://firebase.googleapis.com/v1beta1/projects/echo-review-system {"projectId":"echo-review-system","projectNumber":"535446153093","displayName":"Echo review system","name":"projects/echo-review-system","resources":{"hostingSite":"echo-review-system"},"state":"ACTIVE","etag":"1_d1952ebb-7d57-41a9-a9c9-72a57f8a814a"}
[info] 
[info] Your public directory is the folder (relative to your project directory) that
[info] will contain Hosting assets to be uploaded with firebase deploy. If you
[info] have a build process for your assets, use your build's output directory.
[info] 
[debug] [2025-02-28T15:45:53.654Z] >>> [apiv2][query] GET https://www.gstatic.com/firebasejs/releases.json [none]
[debug] [2025-02-28T15:45:53.948Z] <<< [apiv2][status] GET https://www.gstatic.com/firebasejs/releases.json 200
[debug] [2025-02-28T15:45:53.949Z] <<< [apiv2][body] GET https://www.gstatic.com/firebasejs/releases.json {"current":{"version":"11.4.0","browserURL":"https://www.gstatic.com/firebasejs/11.4.0/firebase.js","packageURL":"https://www.gstatic.com/firebasejs/11.4.0/firebase.tgz"},"live":{"version":"11.4","browserURL":"https://www.gstatic.com/firebasejs/live/11.4/firebase.js","packageURL":"https://www.gstatic.com/firebasejs/live/11.4/firebase.tgz"},"components":{"analytics":"https://www.gstatic.com/firebasejs/11.4.0/firebase-analytics.js","app":"https://www.gstatic.com/firebasejs/11.4.0/firebase-app.js","app-check":"https://www.gstatic.com/firebasejs/11.4.0/firebase-app-check.js","auth":"https://www.gstatic.com/firebasejs/11.4.0/firebase-auth.js","auth/cordova":"https://www.gstatic.com/firebasejs/11.4.0/firebase-auth/cordova.js","auth/web-extension":"https://www.gstatic.com/firebasejs/11.4.0/firebase-auth/web-extension.js","functions":"https://www.gstatic.com/firebasejs/11.4.0/firebase-functions.js","firestore":"https://www.gstatic.com/firebasejs/11.4.0/firebase-firestore.js","firestore/lite":"https://www.gstatic.com/firebasejs/11.4.0/firebase-firestore/lite.js","installations":"https://www.gstatic.com/firebasejs/11.4.0/firebase-installations.js","storage":"https://www.gstatic.com/firebasejs/11.4.0/firebase-storage.js","performance":"https://www.gstatic.com/firebasejs/11.4.0/firebase-performance.js","remote-config":"https://www.gstatic.com/firebasejs/11.4.0/firebase-remote-config.js","messaging":"https://www.gstatic.com/firebasejs/11.4.0/firebase-messaging.js","messaging/sw":"https://www.gstatic.com/firebasejs/11.4.0/firebase-messaging/sw.js","database":"https://www.gstatic.com/firebasejs/11.4.0/firebase-database.js","vertexai":"https://www.gstatic.com/firebasejs/11.4.0/firebase-vertexai.js","data-connect":"https://www.gstatic.com/firebasejs/11.4.0/firebase-data-connect.js","firestore.memory":"https://www.gstatic.com/firebasejs/11.4.0/firebase-firestore.memory.js"}}
[info] +  Wrote build/web/index.html 
[info] 
[info] i  Didn't detect a .git folder. Assuming D:\final_project Echo\Admin panel\echo_adin_panel_jjava_Script is the project root. 
[info] i  Authorizing with GitHub to upload your service account to a GitHub repository's secrets store. 
[info] 
[info] Visit this URL on this device to log in:
[info] https://github.com/login/oauth/authorize?client_id=89cf50f02ac6aaed3484&state=803766023&redirect_uri=http%3A%2F%2Flocalhost%3A9005&scope=read%3Auser%20repo%20public_repo
[info] 
[info] Waiting for authentication...
[debug] [2025-02-28T15:46:18.721Z] >>> [apiv2][query] POST https://github.com/login/oauth/access_token [none]
[debug] [2025-02-28T15:46:18.721Z] >>> [apiv2][body] POST https://github.com/login/oauth/access_token [stream]
[debug] [2025-02-28T15:46:19.321Z] <<< [apiv2][status] POST https://github.com/login/oauth/access_token 200
[debug] [2025-02-28T15:46:19.322Z] <<< [apiv2][body] POST https://github.com/login/oauth/access_token {"access_token":"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","token_type":"bearer","scope":"read:user,repo"}
[debug] [2025-02-28T15:46:19.350Z] >>> [apiv2][query] GET https://api.github.com/user [none]
[debug] [2025-02-28T15:46:20.041Z] <<< [apiv2][status] GET https://api.github.com/user 200
[debug] [2025-02-28T15:46:20.042Z] <<< [apiv2][body] GET https://api.github.com/user {"login":"nim57","id":119092886,"node_id":"U_kgDOBxk2lg","avatar_url":"https://avatars.githubusercontent.com/u/119092886?v=4","gravatar_id":"","url":"https://api.github.com/users/nim57","html_url":"https://github.com/nim57","followers_url":"https://api.github.com/users/nim57/followers","following_url":"https://api.github.com/users/nim57/following{/other_user}","gists_url":"https://api.github.com/users/nim57/gists{/gist_id}","starred_url":"https://api.github.com/users/nim57/starred{/owner}{/repo}","subscriptions_url":"https://api.github.com/users/nim57/subscriptions","organizations_url":"https://api.github.com/users/nim57/orgs","repos_url":"https://api.github.com/users/nim57/repos","events_url":"https://api.github.com/users/nim57/events{/privacy}","received_events_url":"https://api.github.com/users/nim57/received_events","type":"User","user_view_type":"private","site_admin":false,"name":"Nimesh Sandaruwan","company":null,"blog":"","location":null,"email":null,"hireable":null,"bio":null,"twitter_username":null,"notification_email":null,"public_repos":10,"public_gists":0,"followers":0,"following":0,"created_at":"2022-11-26T04:17:20Z","updated_at":"2025-02-26T17:46:10Z","private_gists":0,"total_private_repos":4,"owned_private_repos":4,"disk_usage":77572,"collaborators":0,"two_factor_authentication":true,"plan":{"name":"pro","space":976562499,"collaborators":0,"private_repos":9999}}
[info] 
[info] +  Success! Logged into GitHub as nim57 
[info] 
[debug] [2025-02-28T15:47:07.546Z] >>> [apiv2][query] GET https://api.github.com/repos/yes/actions/secrets/public-key type=owner
[debug] [2025-02-28T15:47:08.080Z] <<< [apiv2][status] GET https://api.github.com/repos/yes/actions/secrets/public-key 404
[debug] [2025-02-28T15:47:08.080Z] <<< [apiv2][body] GET https://api.github.com/repos/yes/actions/secrets/public-key {"message":"Not Found","documentation_url":"https://docs.github.com/rest","status":"404"}
[info] 
[info] 
[error] !  The provided authorization cannot be used with this repository. If this repository is in an organization, did you remember to grant access? 
[info] 
[info] i  Action required: Visit this URL to ensure access has been granted to the appropriate organization(s) for the Firebase CLI GitHub OAuth App: 
[info] https://github.com/settings/connections/applications/89cf50f02ac6aaed3484
[info] 
[debug] [2025-02-28T15:48:01.591Z] >>> [apiv2][query] GET https://api.github.com/repos/yesuser/repository/actions/secrets/public-key type=owner
[debug] [2025-02-28T15:48:02.191Z] <<< [apiv2][status] GET https://api.github.com/repos/yesuser/repository/actions/secrets/public-key 404
[debug] [2025-02-28T15:48:02.192Z] <<< [apiv2][body] GET https://api.github.com/repos/yesuser/repository/actions/secrets/public-key {"message":"Not Found","documentation_url":"https://docs.github.com/rest/actions/secrets#get-a-repository-public-key","status":"404"}
[info] 
[info] 
[error] !  The provided authorization cannot be used with this repository. If this repository is in an organization, did you remember to grant access? 
[info] 
[info] i  Action required: Visit this URL to ensure access has been granted to the appropriate organization(s) for the Firebase CLI GitHub OAuth App: 
[info] https://github.com/settings/connections/applications/89cf50f02ac6aaed3484
[info] 
[debug] [2025-02-28T15:49:50.572Z] >>> [apiv2][query] GET https://api.github.com/repos/yesuser/repository/actions/secrets/public-key type=owner
[debug] [2025-02-28T15:49:51.222Z] <<< [apiv2][status] GET https://api.github.com/repos/yesuser/repository/actions/secrets/public-key 404
[debug] [2025-02-28T15:49:51.223Z] <<< [apiv2][body] GET https://api.github.com/repos/yesuser/repository/actions/secrets/public-key {"message":"Not Found","documentation_url":"https://docs.github.com/rest/actions/secrets#get-a-repository-public-key","status":"404"}
[info] 
[info] 
[error] !  The provided authorization cannot be used with this repository. If this repository is in an organization, did you remember to grant access? 
[info] 
[info] i  Action required: Visit this URL to ensure access has been granted to the appropriate organization(s) for the Firebase CLI GitHub OAuth App: 
[info] https://github.com/settings/connections/applications/89cf50f02ac6aaed3484
[info] 
[debug] [2025-02-28T15:50:01.875Z] >>> [apiv2][query] GET https://api.github.com/repos/yesuser/repository/actions/secrets/public-key type=owner
[debug] [2025-02-28T15:50:02.530Z] <<< [apiv2][status] GET https://api.github.com/repos/yesuser/repository/actions/secrets/public-key 404
[debug] [2025-02-28T15:50:02.530Z] <<< [apiv2][body] GET https://api.github.com/repos/yesuser/repository/actions/secrets/public-key {"message":"Not Found","documentation_url":"https://docs.github.com/rest/actions/secrets#get-a-repository-public-key","status":"404"}
[info] 
[info] 
[error] !  The provided authorization cannot be used with this repository. If this repository is in an organization, did you remember to grant access? 
[info] 
[info] i  Action required: Visit this URL to ensure access has been granted to the appropriate organization(s) for the Firebase CLI GitHub OAuth App: 
[info] https://github.com/settings/connections/applications/89cf50f02ac6aaed3484
[info] 
